This is pdfTeX, Version 3.14159265-2.6-1.40.16 (TeX Live 2015) (preloaded format=pdflatex 2015.10.12)  25 APR 2016 21:30
entering extended mode
 restricted \write18 enabled.
 %&-line parsing enabled.
**ArcheoReport.tex
(./ArcheoReport.tex
LaTeX2e <2015/01/01>
Babel <3.9l> and hyphenation patterns for 79 languages loaded.
(/usr/local/texlive/2015/texmf-dist/tex/latex/base/article.cls
Document Class: article 2014/09/29 v1.4h Standard LaTeX document class
(/usr/local/texlive/2015/texmf-dist/tex/latex/base/size12.clo
File: size12.clo 2014/09/29 v1.4h Standard LaTeX file (size option)
)
\c@part=\count79
\c@section=\count80
\c@subsection=\count81
\c@subsubsection=\count82
\c@paragraph=\count83
\c@subparagraph=\count84
\c@figure=\count85
\c@table=\count86
\abovecaptionskip=\skip41
\belowcaptionskip=\skip42
\bibindent=\dimen102
)
(/usr/local/texlive/2015/texmf-dist/tex/latex/svg/svg.sty
Package: svg 2012/09/05 v1.0 SVG inclusion and extraction

(/usr/local/texlive/2015/texmf-dist/tex/latex/xkeyval/xkeyval.sty
Package: xkeyval 2014/12/03 v2.7a package option processing (HA)

(/usr/local/texlive/2015/texmf-dist/tex/generic/xkeyval/xkeyval.tex
(/usr/local/texlive/2015/texmf-dist/tex/generic/xkeyval/xkvutils.tex
\XKV@toks=\toks14
\XKV@tempa@toks=\toks15

(/usr/local/texlive/2015/texmf-dist/tex/generic/xkeyval/keyval.tex))
\XKV@depth=\count87
File: xkeyval.tex 2014/12/03 v2.7a key=value parser (HA)
))
(/usr/local/texlive/2015/texmf-dist/tex/latex/subfig/subfig.sty
Package: subfig 2005/06/28 ver: 1.3 subfig package

(/usr/local/texlive/2015/texmf-dist/tex/latex/caption/caption.sty
Package: caption 2013/05/02 v3.3-89 Customizing captions (AR)

(/usr/local/texlive/2015/texmf-dist/tex/latex/caption/caption3.sty
Package: caption3 2013/05/02 v1.6-88 caption3 kernel (AR)
Package caption3 Info: TeX engine: e-TeX on input line 57.
\captionmargin=\dimen103
\captionmargin@=\dimen104
\captionwidth=\dimen105
\caption@tempdima=\dimen106
\caption@indent=\dimen107
\caption@parindent=\dimen108
\caption@hangindent=\dimen109
)
\c@ContinuedFloat=\count88
)
\c@KVtest=\count89
\sf@farskip=\skip43
\sf@captopadj=\dimen110
\sf@capskip=\skip44
\sf@nearskip=\skip45
\c@subfigure=\count90
\c@subfigure@save=\count91
\c@lofdepth=\count92
\c@subtable=\count93
\c@subtable@save=\count94
\c@lotdepth=\count95
\sf@top=\skip46
\sf@bottom=\skip47
)
(/usr/local/texlive/2015/texmf-dist/tex/latex/import/import.sty
Package: import 2009/03/23  v 5.1
)
(/usr/local/texlive/2015/texmf-dist/tex/latex/graphics/graphicx.sty
Package: graphicx 2014/10/28 v1.0g Enhanced LaTeX Graphics (DPC,SPQR)

(/usr/local/texlive/2015/texmf-dist/tex/latex/graphics/graphics.sty
Package: graphics 2014/10/28 v1.0p Standard LaTeX Graphics (DPC,SPQR)

(/usr/local/texlive/2015/texmf-dist/tex/latex/graphics/trig.sty
Package: trig 1999/03/16 v1.09 sin cos tan (DPC)
)
(/usr/local/texlive/2015/texmf-dist/tex/latex/latexconfig/graphics.cfg
File: graphics.cfg 2010/04/23 v1.9 graphics configuration of TeX Live
)
Package graphics Info: Driver file: pdftex.def on input line 94.

(/usr/local/texlive/2015/texmf-dist/tex/latex/pdftex-def/pdftex.def
File: pdftex.def 2011/05/27 v0.06d Graphics/color for pdfTeX

(/usr/local/texlive/2015/texmf-dist/tex/generic/oberdiek/infwarerr.sty
Package: infwarerr 2010/04/08 v1.3 Providing info/warning/error messages (HO)
)
(/usr/local/texlive/2015/texmf-dist/tex/generic/oberdiek/ltxcmds.sty
Package: ltxcmds 2011/11/09 v1.22 LaTeX kernel commands for general use (HO)
)
\Gread@gobject=\count96
))
\Gin@req@height=\dimen111
\Gin@req@width=\dimen112
)
(/usr/local/texlive/2015/texmf-dist/tex/latex/oberdiek/transparent.sty
Package: transparent 2007/01/08 v1.0 Transparency via pdfTeX's color stack (HO)


(/usr/local/texlive/2015/texmf-dist/tex/generic/oberdiek/ifpdf.sty
Package: ifpdf 2011/01/30 v2.3 Provides the ifpdf switch (HO)
Package ifpdf Info: pdfTeX in PDF mode is detected.
)
(/usr/local/texlive/2015/texmf-dist/tex/latex/oberdiek/auxhook.sty
Package: auxhook 2011/03/04 v1.3 Hooks for auxiliary files (HO)
))
(/usr/local/texlive/2015/texmf-dist/tex/latex/xcolor/xcolor.sty
Package: xcolor 2007/01/21 v2.11 LaTeX color extensions (UK)

(/usr/local/texlive/2015/texmf-dist/tex/latex/latexconfig/color.cfg
File: color.cfg 2007/01/18 v1.5 color configuration of teTeX/TeXLive
)
Package xcolor Info: Driver file: pdftex.def on input line 225.
Package xcolor Info: Model `cmy' substituted by `cmy0' on input line 1337.
Package xcolor Info: Model `hsb' substituted by `rgb' on input line 1341.
Package xcolor Info: Model `RGB' extended on input line 1353.
Package xcolor Info: Model `HTML' substituted by `rgb' on input line 1355.
Package xcolor Info: Model `Hsb' substituted by `hsb' on input line 1356.
Package xcolor Info: Model `tHsb' substituted by `hsb' on input line 1357.
Package xcolor Info: Model `HSB' substituted by `hsb' on input line 1358.
Package xcolor Info: Model `Gray' substituted by `gray' on input line 1359.
Package xcolor Info: Model `wave' substituted by `hsb' on input line 1360.
)
\SVG@out@width=\skip48
\SVG@out@height=\skip49
\c@svgfigure=\count97
)
(/usr/local/texlive/2015/texmf-dist/tex/latex/float/float.sty
Package: float 2001/11/08 v1.3d Float enhancements (AL)
\c@float@type=\count98
\float@exts=\toks16
\float@box=\box26
\@float@everytoks=\toks17
\@floatcapt=\box27
)
(/usr/local/texlive/2015/texmf-dist/tex/latex/geometry/geometry.sty
Package: geometry 2010/09/12 v5.6 Page Geometry

(/usr/local/texlive/2015/texmf-dist/tex/generic/oberdiek/ifvtex.sty
Package: ifvtex 2010/03/01 v1.5 Detect VTeX and its facilities (HO)
Package ifvtex Info: VTeX not detected.
)
(/usr/local/texlive/2015/texmf-dist/tex/generic/ifxetex/ifxetex.sty
Package: ifxetex 2010/09/12 v0.6 Provides ifxetex conditional
)
\Gm@cnth=\count99
\Gm@cntv=\count100
\c@Gm@tempcnt=\count101
\Gm@bindingoffset=\dimen113
\Gm@wd@mp=\dimen114
\Gm@odd@mp=\dimen115
\Gm@even@mp=\dimen116
\Gm@layoutwidth=\dimen117
\Gm@layoutheight=\dimen118
\Gm@layouthoffset=\dimen119
\Gm@layoutvoffset=\dimen120
\Gm@dimlist=\toks18
)
(/usr/local/texlive/2015/texmf-dist/tex/latex/fancyhdr/fancyhdr.sty
\fancy@headwidth=\skip50
\f@ncyO@elh=\skip51
\f@ncyO@erh=\skip52
\f@ncyO@olh=\skip53
\f@ncyO@orh=\skip54
\f@ncyO@elf=\skip55
\f@ncyO@erf=\skip56
\f@ncyO@olf=\skip57
\f@ncyO@orf=\skip58
)
(./ArcheoReport.aux)
\openout1 = `ArcheoReport.aux'.

LaTeX Font Info:    Checking defaults for OML/cmm/m/it on input line 11.
LaTeX Font Info:    ... okay on input line 11.
LaTeX Font Info:    Checking defaults for T1/cmr/m/n on input line 11.
LaTeX Font Info:    ... okay on input line 11.
LaTeX Font Info:    Checking defaults for OT1/cmr/m/n on input line 11.
LaTeX Font Info:    ... okay on input line 11.
LaTeX Font Info:    Checking defaults for OMS/cmsy/m/n on input line 11.
LaTeX Font Info:    ... okay on input line 11.
LaTeX Font Info:    Checking defaults for OMX/cmex/m/n on input line 11.
LaTeX Font Info:    ... okay on input line 11.
LaTeX Font Info:    Checking defaults for U/cmr/m/n on input line 11.
LaTeX Font Info:    ... okay on input line 11.
Package caption Info: Begin \AtBeginDocument code.
Package caption Info: subfig package v1.3 is loaded.
Package caption Info: float package is loaded.
Package caption Info: End \AtBeginDocument code.

(/usr/local/texlive/2015/texmf-dist/tex/context/base/supp-pdf.mkii
[Loading MPS to PDF converter (version 2006.09.02).]
\scratchcounter=\count102
\scratchdimen=\dimen121
\scratchbox=\box28
\nofMPsegments=\count103
\nofMParguments=\count104
\everyMPshowfont=\toks19
\MPscratchCnt=\count105
\MPscratchDim=\dimen122
\MPnumerator=\count106
\makeMPintoPDFobject=\count107
\everyMPtoPDFconversion=\toks20
) (/usr/local/texlive/2015/texmf-dist/tex/generic/oberdiek/pdftexcmds.sty
Package: pdftexcmds 2011/11/29 v0.20 Utility functions of pdfTeX for LuaTeX (HO
)

(/usr/local/texlive/2015/texmf-dist/tex/generic/oberdiek/ifluatex.sty
Package: ifluatex 2010/03/01 v1.3 Provides the ifluatex switch (HO)
Package ifluatex Info: LuaTeX not detected.
)
Package pdftexcmds Info: LuaTeX not detected.
Package pdftexcmds Info: \pdf@primitive is available.
Package pdftexcmds Info: \pdf@ifprimitive is available.
Package pdftexcmds Info: \pdfdraftmode found.
)
(/usr/local/texlive/2015/texmf-dist/tex/latex/oberdiek/epstopdf-base.sty
Package: epstopdf-base 2010/02/09 v2.5 Base part for package epstopdf

(/usr/local/texlive/2015/texmf-dist/tex/latex/oberdiek/grfext.sty
Package: grfext 2010/08/19 v1.1 Manage graphics extensions (HO)

(/usr/local/texlive/2015/texmf-dist/tex/generic/oberdiek/kvdefinekeys.sty
Package: kvdefinekeys 2011/04/07 v1.3 Define keys (HO)
))
(/usr/local/texlive/2015/texmf-dist/tex/latex/oberdiek/kvoptions.sty
Package: kvoptions 2011/06/30 v3.11 Key value format for package options (HO)

(/usr/local/texlive/2015/texmf-dist/tex/generic/oberdiek/kvsetkeys.sty
Package: kvsetkeys 2012/04/25 v1.16 Key value parser (HO)

(/usr/local/texlive/2015/texmf-dist/tex/generic/oberdiek/etexcmds.sty
Package: etexcmds 2011/02/16 v1.5 Avoid name clashes with e-TeX commands (HO)
Package etexcmds Info: Could not find \expanded.
(etexcmds)             That can mean that you are not using pdfTeX 1.50 or
(etexcmds)             that some package has redefined \expanded.
(etexcmds)             In the latter case, load this package earlier.
)))
Package grfext Info: Graphics extension search list:
(grfext)             [.png,.pdf,.jpg,.mps,.jpeg,.jbig2,.jb2,.PNG,.PDF,.JPG,.JPE
G,.JBIG2,.JB2,.eps]
(grfext)             \AppendGraphicsExtensions on input line 452.

(/usr/local/texlive/2015/texmf-dist/tex/latex/latexconfig/epstopdf-sys.cfg
File: epstopdf-sys.cfg 2010/07/13 v1.3 Configuration of (r)epstopdf for TeX Liv
e
))
*geometry* driver: auto-detecting
*geometry* detected driver: pdftex
*geometry* verbose mode - [ preamble ] result:
* driver: pdftex
* paper: <default>
* layout: <same size as paper>
* layoutoffset:(h,v)=(0.0pt,0.0pt)
* modes: includefoot 
* h-part:(L,W,R)=(72.26999pt, 469.75502pt, 72.26999pt)
* v-part:(T,H,B)=(72.26999pt, 650.43001pt, 72.26999pt)
* \paperwidth=614.295pt
* \paperheight=794.96999pt
* \textwidth=469.75502pt
* \textheight=620.43001pt
* \oddsidemargin=0.0pt
* \evensidemargin=0.0pt
* \topmargin=-37.0pt
* \headheight=12.0pt
* \headsep=25.0pt
* \topskip=12.0pt
* \footskip=30.0pt
* \marginparwidth=44.0pt
* \marginparsep=10.0pt
* \columnsep=10.0pt
* \skip\footins=10.8pt plus 4.0pt minus 2.0pt
* \hoffset=0.0pt
* \voffset=0.0pt
* \mag=1000
* \@twocolumnfalse
* \@twosidefalse
* \@mparswitchfalse
* \@reversemarginfalse
* (1in=72.27pt=25.4mm, 1cm=28.453pt)

<uclLogo.png, id=1, 1284.8pt x 376.40625pt>
File: uclLogo.png Graphic file (type png)
 <use uclLogo.png>
Package pdftex.def Info: uclLogo.png used on input line 16.
(pdftex.def)             Requested size: 469.75502pt x 137.61974pt.

Overfull \hbox (9.95863pt too wide) in paragraph at lines 16--17
[]| [] 
 []


Underfull \hbox (badness 10000) in paragraph at lines 16--17

 []

[1

{/usr/local/texlive/2015/texmf-var/fonts/map/pdftex/updmap/pdftex.map} <./uclLo
go.png>] (./ArcheoReport.toc
LaTeX Font Info:    External font `cmex10' loaded for size
(Font)              <12> on input line 3.
LaTeX Font Info:    External font `cmex10' loaded for size
(Font)              <8> on input line 3.
LaTeX Font Info:    External font `cmex10' loaded for size
(Font)              <6> on input line 3.


Package Fancyhdr Warning: \headheight is too small (12.0pt): 
 Make it at least 14.49998pt.
 We now make it that large for the rest of the document.
 This may cause the page layout to be inconsistent, however.

[1])
\tf@toc=\write3
\openout3 = `ArcheoReport.toc'.

 [2] [3]
Missing character: There is no ‚ in font cmr12!
Missing character: There is no Ä in font cmr12!
Missing character: There is no ô in font cmr12!
Missing character: There is no ‚ in font cmr12!
Missing character: There is no Ä in font cmr12!
Missing character: There is no ô in font cmr12!
 [4]
Missing character: There is no ‚ in font cmr12!
Missing character: There is no Ä in font cmr12!
Missing character: There is no ú in font cmr12!
Missing character: There is no ‚ in font cmr12!
Missing character: There is no Ä in font cmr12!
Missing character: There is no ù in font cmr12!
 [5]
<ArcheoReportGantt.png, id=28, 1428.08531pt x 594.72188pt>
File: ArcheoReportGantt.png Graphic file (type png)

<use ArcheoReportGantt.png>
Package pdftex.def Info: ArcheoReportGantt.png used on input line 96.
(pdftex.def)             Requested size: 469.75502pt x 195.6236pt.
 [6 <./ArcheoReportGantt.png>]
Overfull \hbox (0.54472pt too wide) in paragraph at lines 117--118
[]\OT1/cmr/m/n/12 This en-tails a higher level menu
 []

Missing character: There is no ‚ in font cmr12!
Missing character: There is no Ä in font cmr12!
Missing character: There is no ô in font cmr12!

Overfull \hbox (8.1236pt too wide) in paragraph at lines 132--133
[]\OT1/cmr/m/n/12 Images will
 []

[7] [8]
Underfull \hbox (badness 10000) in paragraph at lines 174--175

 []

[9] <archeoreportuml.png, id=42, 514.92375pt x 534.99875pt>
File: archeoreportuml.png Graphic file (type png)

<use archeoreportuml.png>
Package pdftex.def Info: archeoreportuml.png used on input line 187.
(pdftex.def)             Requested size: 514.92249pt x 534.99744pt.

Overfull \hbox (45.16747pt too wide) in paragraph at lines 187--188
[] 
 []

[10] [11 <./archeoreportuml.png>]
Underfull \hbox (badness 10000) in paragraph at lines 215--216

 []

[12]
Underfull \hbox (badness 10000) in paragraph at lines 227--228

 []


Underfull \hbox (badness 10000) in paragraph at lines 229--230

 []

[13]
Underfull \hbox (badness 10000) in paragraph at lines 236--237

 []


Underfull \hbox (badness 10000) in paragraph at lines 238--239

 []

[14]
Missing character: There is no ‚ in font cmr12!
Missing character: There is no Ä in font cmr12!
Missing character: There is no ô in font cmr12!
 [15] [16] [17]
Missing character: There is no ‚ in font cmr12!
Missing character: There is no Ä in font cmr12!
Missing character: There is no ò in font cmr12!
Missing character: There is no ‚ in font cmr12!
Missing character: There is no Ä in font cmr12!
Missing character: There is no ô in font cmr12!
 [18]
LaTeX Font Info:    Try loading font information for OMS+cmr on input line 310.


(/usr/local/texlive/2015/texmf-dist/tex/latex/base/omscmr.fd
File: omscmr.fd 2014/09/29 v2.5h Standard LaTeX font definitions
)
LaTeX Font Info:    Font shape `OMS/cmr/m/n' in size <12> not available
(Font)              Font shape `OMS/cmsy/m/n' tried instead on input line 310.
Missing character: There is no ‚ in font cmr12!
Missing character: There is no Ä in font cmr12!
Missing character: There is no ô in font cmr12!
 [19]
Missing character: There is no ‚ in font cmr12!
Missing character: There is no Ä in font cmr12!
Missing character: There is no ô in font cmr12!
Missing character: There is no ‚ in font cmr12!
Missing character: There is no Ä in font cmr12!
Missing character: There is no ú in font cmr12!
Missing character: There is no ‚ in font cmr12!
Missing character: There is no Ä in font cmr12!
Missing character: There is no ù in font cmr12!
 [20]
Missing character: There is no ‚ in font cmr12!
Missing character: There is no Ä in font cmr12!
Missing character: There is no ô in font cmr12!

[21] [22] [23] <mockup1.png, id=90, 1044.90375pt x 588.1975pt>
File: mockup1.png Graphic file (type png)

<use mockup1.png>
Package pdftex.def Info: mockup1.png used on input line 533.
(pdftex.def)             Requested size: 522.45059pt x 294.09802pt.

Overfull \hbox (52.69557pt too wide) in paragraph at lines 533--534
[][] 
 []

<mockup2.png, id=91, 1043.9pt x 589.20125pt>
File: mockup2.png Graphic file (type png)
 <use mockup2.png>
Package pdftex.def Info: mockup2.png used on input line 536.
(pdftex.def)             Requested size: 521.94872pt x 294.5999pt.

Overfull \hbox (52.1937pt too wide) in paragraph at lines 536--537
[][] 
 []

<mockup3.png, id=92, 1043.9pt x 587.19376pt>
File: mockup3.png Graphic file (type png)
 <use mockup3.png>
Package pdftex.def Info: mockup3.png used on input line 539.
(pdftex.def)             Requested size: 521.94872pt x 293.59616pt.

Overfull \hbox (52.1937pt too wide) in paragraph at lines 539--540
[][] 
 []

<mockup4.png, id=93, 776.9025pt x 436.63126pt>
File: mockup4.png Graphic file (type png)
 <use mockup4.png>
Package pdftex.def Info: mockup4.png used on input line 542.
(pdftex.def)             Requested size: 388.45029pt x 218.3151pt.

<mockup5.png, id=94, 776.9025pt x 436.63126pt>
File: mockup5.png Graphic file (type png)
 <use mockup5.png>
Package pdftex.def Info: mockup5.png used on input line 545.
(pdftex.def)             Requested size: 388.45029pt x 218.3151pt.

<mockup6.png, id=95, 775.89874pt x 478.78876pt>
File: mockup6.png Graphic file (type png)
 <use mockup6.png>
Package pdftex.def Info: mockup6.png used on input line 548.
(pdftex.def)             Requested size: 387.94843pt x 239.39378pt.
 [24] [25 <./mockup1.png> <./mockup2.png>] [26 <./mockup3.png> <./mockup4.png>]
 [27 <./mockup5.png> <./mockup6.png>] (./ArcheoReport.aux) ) 
Here is how much of TeX's memory you used:
 4220 strings out of 493089
 63955 string characters out of 6134841
 136447 words of memory out of 5000000
 7641 multiletter control sequences out of 15000+600000
 10102 words of font info for 35 fonts, out of 8000000 for 9000
 1141 hyphenation exceptions out of 8191
 68i,12n,98p,1224b,349s stack positions out of 5000i,500n,10000p,200000b,80000s
</usr/local/texlive
/2015/texmf-dist/fonts/type1/public/amsfonts/cm/cmbx12.pfb></usr/local/texlive/
2015/texmf-dist/fonts/type1/public/amsfonts/cm/cmcsc10.pfb></usr/local/texlive/
2015/texmf-dist/fonts/type1/public/amsfonts/cm/cmr12.pfb></usr/local/texlive/20
15/texmf-dist/fonts/type1/public/amsfonts/cm/cmsl12.pfb></usr/local/texlive/201
5/texmf-dist/fonts/type1/public/amsfonts/cm/cmsy10.pfb></usr/local/texlive/2015
/texmf-dist/fonts/type1/public/amsfonts/cm/cmti12.pfb>
Output written on ArcheoReport.pdf (28 pages, 967676 bytes).
PDF statistics:
 136 PDF objects out of 1000 (max. 8388607)
 82 compressed objects within 1 object stream
 0 named destinations out of 1000 (max. 500000)
 46 words of extra memory for PDF output out of 10000 (max. 10000000)

